<?xml version="1.0" encoding="UTF-8"?>
<testng-results ignored="0" total="1" passed="1" failed="0" skipped="0">
  <reporter-output>
  </reporter-output>
  <suite started-at="2022-03-27T22:19:05 IST" name="Default suite" finished-at="2022-03-27T22:19:05 IST" duration-ms="91">
    <groups>
    </groups>
    <test started-at="2022-03-27T22:19:05 IST" name="Default test" finished-at="2022-03-27T22:19:05 IST" duration-ms="91">
      <class name="module.DemoTest">
        <test-method signature="createcon()[pri:0, instance:module.DemoTest@31e5415e]" started-at="2022-03-27T22:19:05 IST" name="createcon" finished-at="2022-03-27T22:19:05 IST" duration-ms="15" status="PASS">
          <reporter-output>
          </reporter-output>
        </test-method> <!-- createcon -->
      </class> <!-- module.DemoTest -->
    </test> <!-- Default test -->
  </suite> <!-- Default suite -->
</testng-results>
